[debug] [2018-04-16T02:07:49.979Z] ----------------------------------------------------------------------
[debug] [2018-04-16T02:07:49.982Z] Command:       /home/ubuntu/.nvm/versions/node/v6.11.5/bin/node /home/ubuntu/.nvm/versions/node/v6.11.5/bin/firebase serve -p 8080 -o 0.0.0.0
[debug] [2018-04-16T02:07:49.983Z] CLI Version:   3.18.4
[debug] [2018-04-16T02:07:49.983Z] Platform:      linux
[debug] [2018-04-16T02:07:49.983Z] Node Version:  v6.11.5
[debug] [2018-04-16T02:07:49.983Z] Time:          Mon Apr 16 2018 02:07:49 GMT+0000 (UTC)
[debug] [2018-04-16T02:07:49.983Z] ----------------------------------------------------------------------
[debug] 
[debug] [2018-04-16T02:07:49.997Z] > command requires scopes: ["email","openid","https://www.googleapis.com/auth/cloudplatformprojects.readonly","https://www.googleapis.com/auth/firebase","https://www.googleapis.com/auth/cloud-platform"]
[debug] [2018-04-16T02:07:49.997Z] > authorizing via signed-in user
[debug] [2018-04-16T02:07:50.000Z] >>> HTTP REQUEST GET https://admin.firebase.com/v1/projects/friendlychat-3bdc6  
  
 Mon Apr 16 2018 02:07:50 GMT+0000 (UTC)
[debug] [2018-04-16T02:07:50.224Z] <<< HTTP RESPONSE 200
[debug] [2018-04-16T02:07:50.226Z] >>> HTTP REQUEST GET https://admin.firebase.com/v1/database/friendlychat-3bdc6/tokens  
  
 Mon Apr 16 2018 02:07:50 GMT+0000 (UTC)
[debug] [2018-04-16T02:07:50.397Z] <<< HTTP RESPONSE 200
[debug] [2018-04-16T02:07:50.398Z] >>> HTTP REQUEST GET https://cloudresourcemanager.googleapis.com/v1/projects/friendlychat-3bdc6  
  
 Mon Apr 16 2018 02:07:50 GMT+0000 (UTC)
[debug] [2018-04-16T02:07:50.717Z] <<< HTTP RESPONSE 200
[info] 
[info] === Serving from '/home/ubuntu/workspace/learning/friendlychat-web/web-start'...
[info] 
[info] i  functions: Preparing to emulate functions.
[debug] [2018-04-16T02:07:51.491Z] Fetching environment
[debug] [2018-04-16T02:07:51.493Z] >>> HTTP REQUEST GET https://mobilesdk-pa.googleapis.com/v1/projects/614051441455:getServerAppConfig  
  
 Mon Apr 16 2018 02:07:51 GMT+0000 (UTC)
[debug] [2018-04-16T02:07:51.494Z] >>> HTTP REQUEST GET https://mobilesdk-pa.googleapis.com/v1/projects/614051441455/clients/_:getWebAppConfig  
  
 Mon Apr 16 2018 02:07:51 GMT+0000 (UTC)
[debug] [2018-04-16T02:07:51.611Z] <<< HTTP RESPONSE 200
[info] i  hosting: Serving hosting files from: ./
[info] ✔  hosting: Local server: http://0.0.0.0:8080

[debug] [2018-04-16T02:07:51.633Z] <<< HTTP RESPONSE 200
[debug] [2018-04-16T02:07:51.633Z] Starting @google-cloud/functions-emulator
[debug] [2018-04-16T02:07:53.679Z] Parsing function triggers
